0 info it worked if it ends with ok
1 verbose cli [ '/usr/local/bin/node',
1 verbose cli   '/usr/local/lib/node_modules/npm3/node_modules/npm/cli.js',
1 verbose cli   'run',
1 verbose cli   'dev' ]
2 info using npm@3.8.7
3 info using node@v4.4.1
4 verbose run-script [ 'predev', 'dev', 'postdev' ]
5 info lifecycle aurelia-skeleton-navigation-webpack@1.0.0-beta.1.2.4~predev: aurelia-skeleton-navigation-webpack@1.0.0-beta.1.2.4
6 silly lifecycle aurelia-skeleton-navigation-webpack@1.0.0-beta.1.2.4~predev: no script for predev, continuing
7 info lifecycle aurelia-skeleton-navigation-webpack@1.0.0-beta.1.2.4~dev: aurelia-skeleton-navigation-webpack@1.0.0-beta.1.2.4
8 verbose lifecycle aurelia-skeleton-navigation-webpack@1.0.0-beta.1.2.4~dev: unsafe-perm in lifecycle true
9 verbose lifecycle aurelia-skeleton-navigation-webpack@1.0.0-beta.1.2.4~dev: PATH: /usr/local/lib/node_modules/npm3/node_modules/npm/bin/node-gyp-bin:/Users/mttmccb/Projects/aurelia-webpack-playground/node_modules/.bin:/usr/local/bin:/usr/local/bin:/usr/bin:/bin:/usr/sbin:/sbin:/usr/local/git/bin
10 verbose lifecycle aurelia-skeleton-navigation-webpack@1.0.0-beta.1.2.4~dev: CWD: /Users/mttmccb/Projects/aurelia-webpack-playground
11 silly lifecycle aurelia-skeleton-navigation-webpack@1.0.0-beta.1.2.4~dev: Args: [ '-c',
11 silly lifecycle   'webpack-dev-server --config webpack.config.js --hot --inline --progress --devtool eval' ]
12 silly lifecycle aurelia-skeleton-navigation-webpack@1.0.0-beta.1.2.4~dev: Returned: code: 1  signal: null
13 info lifecycle aurelia-skeleton-navigation-webpack@1.0.0-beta.1.2.4~dev: Failed to exec dev script
14 verbose stack Error: aurelia-skeleton-navigation-webpack@1.0.0-beta.1.2.4 dev: `webpack-dev-server --config webpack.config.js --hot --inline --progress --devtool eval`
14 verbose stack Exit status 1
14 verbose stack     at EventEmitter.<anonymous> (/usr/local/lib/node_modules/npm3/node_modules/npm/lib/utils/lifecycle.js:244:16)
14 verbose stack     at emitTwo (events.js:87:13)
14 verbose stack     at EventEmitter.emit (events.js:172:7)
14 verbose stack     at ChildProcess.<anonymous> (/usr/local/lib/node_modules/npm3/node_modules/npm/lib/utils/spawn.js:24:14)
14 verbose stack     at emitTwo (events.js:87:13)
14 verbose stack     at ChildProcess.emit (events.js:172:7)
14 verbose stack     at maybeClose (internal/child_process.js:827:16)
14 verbose stack     at Process.ChildProcess._handle.onexit (internal/child_process.js:211:5)
15 verbose pkgid aurelia-skeleton-navigation-webpack@1.0.0-beta.1.2.4
16 verbose cwd /Users/mttmccb/Projects/aurelia-webpack-playground
17 error Darwin 15.4.0
18 error argv "/usr/local/bin/node" "/usr/local/lib/node_modules/npm3/node_modules/npm/cli.js" "run" "dev"
19 error node v4.4.1
20 error npm  v3.8.7
21 error code ELIFECYCLE
22 error aurelia-skeleton-navigation-webpack@1.0.0-beta.1.2.4 dev: `webpack-dev-server --config webpack.config.js --hot --inline --progress --devtool eval`
22 error Exit status 1
23 error Failed at the aurelia-skeleton-navigation-webpack@1.0.0-beta.1.2.4 dev script 'webpack-dev-server --config webpack.config.js --hot --inline --progress --devtool eval'.
23 error Make sure you have the latest version of node.js and npm installed.
23 error If you do, this is most likely a problem with the aurelia-skeleton-navigation-webpack package,
23 error not with npm itself.
23 error Tell the author that this fails on your system:
23 error     webpack-dev-server --config webpack.config.js --hot --inline --progress --devtool eval
23 error You can get information on how to open an issue for this project with:
23 error     npm bugs aurelia-skeleton-navigation-webpack
23 error Or if that isn't available, you can get their info via:
23 error     npm owner ls aurelia-skeleton-navigation-webpack
23 error There is likely additional logging output above.
24 verbose exit [ 1, true ]
